Arguments: 
  C:\Program Files\nodejs\node.exe C:\Program Files (x86)\Yarn\bin\yarn.js

PATH: 
  C:\Users\USER\bin;C:\Program Files\Git\mingw64\bin;C:\Program Files\Git\usr\local\bin;C:\Program Files\Git\usr\bin;C:\Program Files\Git\usr\bin;C:\Program Files\Git\mingw64\bin;C:\Program Files\Git\usr\bin;C:\Users\USER\bin;C:\Windows\system32;C:\Windows;C:\Windows\System32\Wbem;C:\Windows\System32\WindowsPowerShell\v1.0;C:\Windows\System32\OpenSSH;C:\Program Files\nodejs;C:\Program Files\Git\cmd;C:\ProgramData\chocolatey\bin;C:\Program Files (x86)\Yarn\bin;C:\php74;C:\ProgramData\ComposerSetup\bin;C:\Program Files\MariaDB 10.5\bin;C:\Users\USER\AppData\Local\Programs\Python\Python39;C:\Users\USER\AppData\Local\Programs\Python\Python39\Scripts;C:\Users\USER\Documents\pli;C:\Program Files\dotnet;C:\Program Files\Sublime Text 3;C:\Users\USER\mdl;C:\Program Files\Redis;C:\Program Files\PuTTY;C:\Program Files\Docker\Docker\resources\bin;C:\ProgramData\DockerDesktop\version-bin;C:\Program Files\Kubernetes\Minikube;C:\minikube;C:\Program Files\Microsoft SQL Server\130\Tools\Binn;C:\Program Files\Microsoft SQL Server\Client SDK\ODBC\170\Tools\Binn;C:\Users\USER\AppData\Local\Microsoft\WindowsApps;C:\Users\USER\AppData\Local\Programs\Microsoft VS Code\bin;C:\Users\USER\AppData\Roaming\npm;C:\Users\USER\AppData\Local\Yarn\bin;C:\Users\USER\AppData\Roaming\Composer\vendor\bin;C:\Users\USER\.dotnet\tools;C:\Users\USER\AppData\Local\hyper\app-3.0.2\resources\bin;C:\Program Files\Multipass\bin;C:\Program Files\Git\usr\bin\vendor_perl;C:\Program Files\Git\usr\bin\core_perl

Yarn version: 
  1.22.5

Node version: 
  14.15.0

Platform: 
  win32 x64

Trace: 
  SyntaxError: C:\Users\USER\Desktop\projects\xproject\server\package.json: Unexpected token < in JSON at position 1253
      at JSON.parse (<anonymous>)
      at C:\Program Files (x86)\Yarn\lib\cli.js:1625:59
      at Generator.next (<anonymous>)
      at step (C:\Program Files (x86)\Yarn\lib\cli.js:310:30)
      at C:\Program Files (x86)\Yarn\lib\cli.js:321:13

npm manifest: 
  {
    "name": "ex-ts-start",
    "version": "1.1.4",
    "description": "A express-typescript-mysql starter app with basic authentication.",
    "license": "MIT",
    "bin": "./bin/cli.js",
    "scripts": {
      "compile": "tsc -p .",
      "compile:watch": "tsc -w",
      "start": "node ./dist/server.js",
      "serve": "nodemon ./dist/server.js",
      "build": "npm-run-all --parallel compile start",
      "dev": "nodemon ./src/server.ts"
    },
    "repository": {
      "type": "git",
      "url": "https://github.com/xtareq/ex-ts-start"
    },
    "keywords": [
      "express",
      "typescript",
      "mariadb",
      "mysql",
      "sequelize",
      "REST",
      "authentication"
    ],
    "author": {
      "name": "Tareq Hossain",
      "email": "xtrinsic96@gmail.com",
      "url": "https://www.linkedin.com/in/xtrinsictareq/"
    },
    "dependencies": {
      "@sendgrid/mail": "^7.5.0",
      "@types/jsonwebtoken": "^8.5.5",
      "bcryptjs": "^2.4.3",
      "cors": "^2.8.5",
      "dotenv": "^10.0.0",
      "express": "^4.17.1",
      "express-jwt": "^6.1.0",
      "jsonwebtoken": "^8.5.1",
      "mariadb": "^2.5.4",
      "nodemailer": "^6.7.0",
      "reflect-metadata": "^0.1.13",
      "sequelize": "^6.7.0",
      "sequelize-typescript": "^2.1.1"
    },
    "devDependencies": {
      "@types/bcryptjs": "^2.4.2",
  <<<<<<< HEAD
  =======
      "@types/cors": "^2.8.12",
  >>>>>>> origin/master
      "@types/dotenv": "^8.2.0",
      "@types/express": "^4.17.13",
      "@types/express-jwt": "^6.0.2",
      "@types/node": "^16.10.3",
      "@types/nodemailer": "^6.4.4",
      "@types/shelljs": "^0.8.9",
      "nodemon": "^2.0.13",
      "npm-run-all": "^4.1.5",
      "shelljs": "^0.8.4",
  <<<<<<< HEAD
  =======
      "ts-node": "^10.4.0",
  >>>>>>> origin/master
      "typescript": "^4.4.3"
    }
  }

yarn manifest: 
  No manifest

Lockfile: 
  No lockfile
